<?xml version="1.0" encoding="UTF-8"?>
<coverage generated="1716362400">
  <project timestamp="1716362400">
    <file name="php-files/src/index.php">
      <class name="Application" namespace="global">
        <metrics complexity="5" methods="5" coveredmethods="3" conditionals="0" coveredconditionals="0" statements="12" coveredstatements="6" elements="17" coveredelements="9"/>
      </class>
      <line num="3" type="stmt" count="1"/>
      <line num="7" type="stmt" count="1"/>
      <line num="9" type="method" name="__construct" visibility="public" complexity="1" crap="1" count="1"/>
      <line num="10" type="stmt" count="1"/>
      <line num="11" type="stmt" count="1"/>
      <line num="14" type="method" name="run" visibility="public" complexity="1" crap="2" count="0"/>
      <line num="15" type="stmt" count="0"/>
      <line num="16" type="stmt" count="0"/>
      <line num="19" type="method" name="processData" visibility="public" complexity="1" crap="2" count="0"/>
      <line num="20" type="stmt" count="0"/>
      <line num="21" type="stmt" count="0"/>
      <line num="24" type="method" name="performCalculation" visibility="public" complexity="1" crap="1" count="1"/>
      <line num="25" type="stmt" count="1"/>
      <line num="28" type="method" name="getServiceGreeting" visibility="public" complexity="1" crap="1" count="1"/>
      <line num="29" type="stmt" count="1"/>
      <line num="33" type="stmt" count="0"/>
      <line num="34" type="stmt" count="0"/>
      <line num="35" type="stmt" count="0"/>
      <metrics loc="36" ncloc="30" classes="1" methods="5" coveredmethods="3" conditionals="0" coveredconditionals="0" statements="12" coveredstatements="6" elements="17" coveredelements="9"/>
    </file>
    <file name="php-files/src/services/service1.php">
      <class name="Service1" namespace="App\Services">
        <metrics complexity="6" methods="3" coveredmethods="2" conditionals="2" coveredconditionals="1" statements="15" coveredstatements="5" elements="18" coveredelements="7"/>
      </class>
      <line num="5" type="stmt" count="1"/>
      <line num="7" type="method" name="greet" visibility="public" complexity="1" crap="1" count="1"/>
      <line num="8" type="stmt" count="1"/>
      <line num="11" type="method" name="calculate" visibility="public" complexity="2" crap="2" count="1"/>
      <line num="12" type="stmt" count="1"/>
      <line num="13" type="stmt" count="1"/>
      <line num="14" type="stmt" count="0"/>
      <line num="15" type="stmt" count="0"/>
      <line num="18" type="method" name="process" visibility="public" complexity="3" crap="12" count="0"/>
      <line num="19" type="stmt" count="0"/>
      <line num="20" type="stmt" count="0"/>
      <line num="21" type="stmt" count="0"/>
      <line num="22" type="stmt" count="0"/>
      <line num="23" type="stmt" count="0"/>
      <line num="24" type="stmt" count="0"/>
      <line num="26" type="stmt" count="0"/>
      <line num="27" type="stmt" count="0"/>
      <metrics loc="28" ncloc="24" classes="1" methods="3" coveredmethods="2" conditionals="2" coveredconditionals="1" statements="15" coveredstatements="5" elements="18" coveredelements="7"/>
    </file>
    <file name="php-files/src/services/service2.php">
      <class name="Service2" namespace="App\Services">
        <metrics complexity="8" methods="8" coveredmethods="2" conditionals="0" coveredconditionals="0" statements="48" coveredstatements="12" elements="56" coveredelements="14"/>
      </class>
      <line num="5" type="stmt" count="1"/>
      <line num="7" type="method" name="add" visibility="public" complexity="1" crap="1" count="1"/>
      <line num="8" type="stmt" count="1"/>
      <line num="11" type="method" name="subtract" visibility="public" complexity="1" crap="1" count="1"/>
      <line num="12" type="stmt" count="1"/>
      <line num="15" type="method" name="multiply" visibility="public" complexity="1" crap="2" count="0"/>
      <line num="16" type="stmt" count="0"/>
      <line num="19" type="method" name="divide" visibility="public" complexity="1" crap="2" count="0"/>
      <line num="20" type="stmt" count="0"/>
      <line num="21" type="stmt" count="0"/>
      <line num="22" type="stmt" count="0"/>
      <line num="25" type="method" name="power" visibility="public" complexity="1" crap="2" count="0"/>
      <line num="26" type="stmt" count="0"/>
      <line num="29" type="method" name="squareRoot" visibility="public" complexity="1" crap="2" count="0"/>
      <line num="30" type="stmt" count="0"/>
      <line num="31" type="stmt" count="0"/>
      <line num="32" type="stmt" count="0"/>
      <line num="35" type="method" name="modulo" visibility="public" complexity="1" crap="2" count="0"/>
      <line num="36" type="stmt" count="0"/>
      <line num="39" type="method" name="absolute" visibility="public" complexity="1" crap="2" count="0"/>
      <line num="40" type="stmt" count="0"/>
      <metrics loc="92" ncloc="88" classes="1" methods="8" coveredmethods="2" conditionals="0" coveredconditionals="0" statements="48" coveredstatements="12" elements="56" coveredelements="14"/>
    </file>
    <metrics files="3" loc="156" ncloc="142" classes="3" methods="16" coveredmethods="7" conditionals="2" coveredconditionals="1" statements="75" coveredstatements="23" elements="91" coveredelements="30"/>
  </project>
</coverage>
